Building DAG of jobs...
File path /mnt/10_carbapenem_porins/test/PA//Collated_table.txt contains double '/'. This is likely unintended. It can also lead to inconsistent results of the file-matching approach used by Snakemake.
File path /mnt/10_carbapenem_porins/test/PA//Collated_table.txt contains double '/'. This is likely unintended. It can also lead to inconsistent results of the file-matching approach used by Snakemake.
Using shell: /bin/bash
Provided cores: 8
Rules claiming more threads will be scaled down.
Job stats:
job                 count    min threads    max threads
----------------  -------  -------------  -------------
all                     1              1              1
output_formatter        1              8              8
total                   2              1              8

Select jobs to execute...

[Fri Jun  3 10:08:37 2022]
rule output_formatter:
    input: /home/ubuntu/tools/porins/snakemake/databases/cds/KL_ompK36.dmnd, /home/ubuntu/tools/porins/snakemake/databases/cds/KL_ompK35.dmnd, /home/ubuntu/tools/porins/snakemake/databases/cds/AC_carO.dmnd, /home/ubuntu/tools/porins/snakemake/databases/cds/AC_carO.dmnd, /home/ubuntu/tools/porins/snakemake/databases/cds/AC_omp33-36kDa.dmnd, /home/ubuntu/tools/porins/snakemake/databases/cds/ENT_ompC.dmnd, /home/ubuntu/tools/porins/snakemake/databases/cds/EC_ompC.dmnd, /home/ubuntu/tools/porins/snakemake/databases/cds/KL_ompK36.dmnd, /home/ubuntu/tools/porins/snakemake/databases/cds/AC_occAB1.dmnd, /home/ubuntu/tools/porins/snakemake/databases/cds/PA_oprD.dmnd, /home/ubuntu/tools/porins/snakemake/databases/cds/KL_ompK35.dmnd, /home/ubuntu/tools/porins/snakemake/databases/cds/AC_occAB1.dmnd, /home/ubuntu/tools/porins/snakemake/databases/cds/EC_ompC.dmnd, /home/ubuntu/tools/porins/snakemake/databases/cds/ENT_ompF.dmnd, /home/ubuntu/tools/porins/snakemake/databases/cds/AC_omp33-36kDa.dmnd, /home/ubuntu/tools/porins/snakemake/databases/cds/ENT_ompF.dmnd, /home/ubuntu/tools/porins/snakemake/databases/cds/ENT_ompC.dmnd, /home/ubuntu/tools/porins/snakemake/databases/cds/EC_ompF.dmnd, /home/ubuntu/tools/porins/snakemake/databases/cds/EC_ompF.dmnd, /home/ubuntu/tools/porins/snakemake/databases/cds/PA_oprD.dmnd, /home/ubuntu/tools/porins/snakemake/config/dependencies/writer.R
    output: /mnt/10_carbapenem_porins/test/PA//Collated_table.txt
    jobid: 7
    threads: 8
    resources: tmpdir=/tmp

Warning: the following output files of rule output_formatter were not present when the DAG was created:
{'/mnt/10_carbapenem_porins/test/PA//Collated_table.txt'}
[Fri Jun  3 10:08:37 2022]
Finished job 7.
1 of 2 steps (50%) done
Select jobs to execute...

[Fri Jun  3 10:08:37 2022]
localrule all:
    input: /home/ubuntu/tools/porins/snakemake/databases/cds/PA_oprD.dmnd, /home/ubuntu/tools/porins/snakemake/databases/cds/PA_oprD.dmnd, /mnt/10_carbapenem_porins/test/PA/114779-19/114779-19.vs.PA_oprD.matches.tsv, /mnt/10_carbapenem_porins/test/PA/114779-19/114779-19.vs.PA_oprD.matches.tsv, /mnt/10_carbapenem_porins/test/PA/287.1002_PA/287.1002_PA.vs.PA_oprD.matches.tsv, /mnt/10_carbapenem_porins/test/PA/287.1002_PA/287.1002_PA.vs.PA_oprD.matches.tsv, /mnt/10_carbapenem_porins/test/PA/115108-20/115108-20.vs.PA_oprD.matches.tsv, /mnt/10_carbapenem_porins/test/PA/115108-20/115108-20.vs.PA_oprD.matches.tsv, /mnt/10_carbapenem_porins/test/PA/131533-19/131533-19.vs.PA_oprD.matches.tsv, /mnt/10_carbapenem_porins/test/PA/131533-19/131533-19.vs.PA_oprD.matches.tsv, /mnt/10_carbapenem_porins/test/PA/287.1237_PA/287.1237_PA.vs.PA_oprD.matches.tsv, /mnt/10_carbapenem_porins/test/PA/287.1237_PA/287.1237_PA.vs.PA_oprD.matches.tsv, /mnt/10_carbapenem_porins/test/PA/132269-1-20/132269-1-20.vs.PA_oprD.matches.tsv, /mnt/10_carbapenem_porins/test/PA/132269-1-20/132269-1-20.vs.PA_oprD.matches.tsv, /mnt/10_carbapenem_porins/test/PA//Collated_table.txt
    jobid: 0
    resources: tmpdir=/tmp

[Fri Jun  3 10:08:37 2022]
Finished job 0.
2 of 2 steps (100%) done
Complete log: /home/ubuntu/tools/porins/snakemake/.snakemake/log/2022-06-03T100836.543969.snakemake.log
